SF:lib/login.dart
DA:13,3
DA:15,3
DA:16,3
DA:26,3
DA:28,3
DA:29,3
DA:30,3
DA:34,1
DA:35,1
DA:36,1
DA:38,1
DA:39,1
DA:40,1
DA:43,1
DA:44,1
DA:45,1
DA:46,1
DA:47,1
DA:48,2
DA:58,1
DA:60,1
DA:64,1
DA:67,0
DA:69,1
DA:71,1
DA:73,1
DA:74,1
DA:76,1
DA:78,1
DA:81,1
DA:82,2
DA:86,1
DA:88,1
DA:90,1
DA:91,2
DA:106,1
DA:107,1
DA:108,1
DA:111,1
DA:116,2
DA:117,0
DA:121,0
DA:124,0
DA:126,2
DA:129,2
DA:130,2
DA:131,1
DA:134,3
DA:135,3
DA:136,3
DA:138,3
DA:139,3
DA:140,3
DA:144,6
DA:145,0
DA:149,0
DA:152,0
DA:154,6
DA:157,6
DA:158,6
DA:159,3
DA:162,1
DA:164,3
DA:165,3
DA:166,3
DA:167,3
DA:168,1
DA:172,1
DA:173,2
DA:174,1
DA:175,3
DA:176,1
DA:177,1
DA:178,1
DA:179,2
DA:180,2
DA:182,1
DA:183,1
DA:185,1
DA:189,2
DA:195,3
DA:197,9
DA:198,9
DA:199,9
DA:200,3
DA:203,3
DA:204,6
DA:205,3
DA:206,9
DA:207,3
DA:208,3
DA:209,3
DA:210,6
DA:211,6
DA:213,9
DA:215,0
DA:219,3
DA:221,3
DA:222,3
DA:223,3
DA:224,3
DA:226,3
DA:230,6
DA:231,3
DA:232,3
DA:233,3
DA:235,3
DA:236,3
DA:237,3
DA:238,3
DA:239,12
DA:240,12
DA:243,3
DA:244,6
DA:245,3
DA:246,3
DA:247,6
DA:259,3
DA:262,3
DA:263,3
DA:269,1
DA:270,1
DA:275,3
DA:276,3
DA:278,0
DA:279,0
DA:282,3
DA:290,1
DA:291,1
DA:294,2
DA:297,1
DA:298,2
DA:299,1
DA:300,1
DA:305,3
DA:306,3
DA:308,0
DA:309,0
DA:312,3
DA:314,3
DA:315,3
DA:316,1
DA:317,1
DA:321,3
DA:322,3
DA:323,3
LF:146
LH:134
end_of_record
SF:lib/main.dart
DA:22,0
DA:25,0
DA:27,0
DA:28,0
DA:29,0
DA:31,0
DA:35,0
DA:38,0
DA:39,0
DA:40,0
DA:41,0
DA:43,0
DA:46,0
DA:49,0
DA:50,0
DA:54,6
DA:58,3
DA:60,3
DA:62,3
DA:63,3
DA:64,3
DA:65,3
DA:71,3
DA:72,3
DA:78,3
DA:81,3
DA:84,3
DA:87,3
DA:88,3
DA:89,3
DA:90,0
DA:98,3
DA:103,3
DA:104,3
DA:112,3
DA:114,6
DA:115,3
DA:119,3
DA:121,6
DA:122,3
DA:125,3
DA:127,3
DA:128,3
DA:129,3
DA:130,3
DA:131,3
DA:134,3
DA:139,6
DA:145,3
DA:146,3
DA:147,3
DA:155,3
DA:158,3
DA:219,6
LF:54
LH:38
end_of_record
SF:lib/calendar.dart
DA:16,3
DA:31,3
DA:33,3
DA:34,3
DA:35,3
DA:36,3
DA:37,6
DA:38,3
DA:43,9
DA:46,3
DA:48,3
DA:49,3
DA:53,3
DA:58,3
DA:59,3
DA:60,3
DA:63,3
DA:64,3
DA:65,3
DA:66,3
DA:69,1
DA:70,1
DA:71,3
DA:72,1
DA:74,1
DA:75,1
DA:76,1
DA:86,3
DA:92,2
DA:93,10
DA:94,8
DA:95,2
DA:97,2
DA:113,7
DA:114,3
DA:121,3
DA:122,15
DA:123,12
DA:124,3
DA:126,3
DA:141,1
DA:142,5
DA:143,4
DA:144,1
DA:146,1
DA:147,1
DA:149,1
DA:160,1
DA:161,2
DA:165,3
DA:166,5
DA:167,3
DA:170,4
DA:171,1
DA:173,1
DA:175,1
DA:176,1
DA:177,5
DA:182,1
DA:186,5
DA:188,0
DA:189,5
DA:191,5
DA:192,1
DA:209,3
DA:212,3
DA:213,6
DA:214,6
DA:215,0
DA:219,3
DA:221,3
DA:222,6
DA:223,3
DA:224,3
DA:227,6
DA:228,6
DA:229,6
DA:231,6
DA:232,9
DA:233,3
DA:234,9
DA:235,9
DA:236,0
DA:237,0
DA:242,0
DA:245,9
DA:252,3
DA:254,0
DA:255,0
DA:270,0
DA:272,0
DA:273,0
DA:276,0
DA:277,0
DA:278,0
DA:279,0
DA:282,0
DA:283,0
DA:284,0
DA:286,0
DA:287,0
DA:288,0
DA:289,0
DA:299,0
DA:301,0
DA:302,0
DA:305,0
DA:306,0
DA:308,0
DA:309,0
DA:310,0
DA:311,0
DA:312,0
DA:318,0
DA:320,0
DA:322,0
DA:325,0
DA:330,0
DA:331,0
DA:332,0
DA:333,0
DA:334,0
DA:360,0
DA:361,0
DA:362,0
DA:363,0
DA:364,0
DA:365,0
DA:366,0
DA:367,0
DA:371,0
DA:373,0
DA:374,0
DA:376,0
DA:377,0
DA:378,0
DA:379,0
DA:380,0
DA:382,0
DA:383,0
DA:384,0
DA:390,0
DA:394,0
DA:395,0
DA:396,0
DA:397,0
DA:400,0
DA:403,0
DA:405,0
DA:406,0
DA:407,0
DA:408,0
DA:412,0
DA:413,0
DA:415,0
DA:416,0
DA:417,0
DA:418,0
DA:419,0
DA:420,0
DA:421,0
DA:431,0
DA:434,0
DA:435,0
DA:437,0
DA:438,0
DA:442,0
DA:443,0
DA:448,0
DA:449,0
DA:451,0
DA:452,0
DA:455,0
DA:456,0
DA:458,0
DA:460,0
DA:461,0
DA:462,0
DA:467,0
DA:469,0
DA:472,0
DA:473,0
DA:474,0
DA:475,0
DA:477,0
DA:478,0
DA:479,0
DA:480,0
DA:486,0
DA:487,0
DA:488,0
DA:493,0
DA:497,0
DA:503,0
DA:509,0
DA:510,0
DA:512,0
DA:513,0
DA:520,0
DA:522,0
DA:523,0
DA:525,0
DA:526,0
DA:527,0
DA:534,0
DA:535,0
DA:537,0
DA:538,0
DA:540,0
DA:541,0
DA:542,0
DA:564,0
DA:565,0
DA:566,0
DA:570,0
DA:571,0
DA:572,0
DA:575,0
DA:581,0
DA:583,0
DA:584,0
DA:585,0
DA:590,0
DA:591,0
DA:592,0
DA:596,0
DA:598,0
DA:600,0
DA:601,0
DA:603,0
DA:604,0
DA:607,0
DA:608,0
DA:609,0
DA:611,0
DA:614,0
DA:615,0
DA:616,0
DA:617,0
DA:618,0
DA:621,0
DA:622,0
DA:623,0
DA:624,0
DA:626,0
DA:627,0
DA:628,0
DA:629,0
DA:630,0
DA:631,0
DA:632,0
DA:633,0
LF:252
LH:82
end_of_record
SF:lib/globals.dart
DA:6,9
DA:7,9
DA:8,9
DA:9,3
DA:22,3
DA:29,0
DA:31,0
DA:32,0
DA:33,0
DA:34,0
DA:35,0
DA:45,3
DA:47,6
DA:51,12
DA:52,3
DA:53,3
DA:55,9
DA:56,3
DA:57,3
DA:58,3
DA:67,12
DA:68,12
LF:22
LH:16
end_of_record
SF:lib/network.dart
DA:13,6
DA:16,3
DA:25,3
DA:26,9
DA:27,3
DA:28,0
DA:32,6
DA:33,3
DA:34,6
DA:38,8
DA:39,4
DA:41,2
DA:43,6
DA:50,4
DA:51,2
DA:55,2
DA:58,2
DA:61,0
DA:62,0
DA:63,0
DA:64,0
DA:66,0
DA:68,0
DA:69,0
DA:70,0
DA:73,0
DA:89,0
DA:90,0
DA:91,0
DA:92,0
DA:96,0
DA:97,0
DA:99,0
DA:102,0
DA:107,0
DA:108,0
DA:109,0
DA:118,3
DA:120,6
DA:121,0
DA:123,0
DA:126,0
DA:131,0
DA:134,6
DA:135,6
DA:138,0
DA:144,3
DA:146,3
DA:148,3
DA:149,3
DA:151,3
DA:155,0
DA:156,0
DA:158,0
DA:159,0
DA:162,0
DA:163,0
DA:165,0
DA:166,0
DA:169,0
DA:170,0
DA:172,0
DA:173,0
DA:176,0
DA:177,0
DA:179,0
DA:180,0
DA:185,0
DA:190,3
DA:195,3
DA:197,0
DA:200,0
DA:201,0
DA:203,0
DA:204,0
DA:205,0
DA:206,0
DA:210,3
DA:211,3
DA:212,3
DA:213,3
DA:214,2
DA:215,2
DA:220,2
DA:221,4
DA:222,2
DA:223,4
DA:224,2
DA:227,2
DA:230,2
DA:236,2
LF:91
LH:41
end_of_record
SF:lib/pl_appbar.dart
DA:6,3
DA:7,3
DA:11,3
DA:13,3
DA:18,3
DA:19,3
DA:20,3
DA:22,3
DA:23,6
DA:32,0
DA:36,0
DA:37,0
DA:40,0
DA:41,0
DA:42,0
DA:43,0
DA:46,0
DA:47,0
LF:18
LH:9
end_of_record
SF:lib/classes.dart
DA:17,0
DA:32,0
DA:34,0
DA:35,0
DA:36,0
DA:37,0
DA:40,0
DA:41,0
DA:42,0
DA:44,0
DA:45,0
DA:51,0
DA:53,0
DA:54,0
DA:55,0
DA:56,0
DA:57,0
DA:58,0
DA:63,0
DA:68,0
DA:69,0
DA:81,0
DA:83,0
DA:84,0
DA:85,0
DA:87,0
DA:88,0
DA:90,0
DA:91,0
DA:92,0
DA:93,0
DA:99,0
DA:102,0
DA:103,0
DA:104,0
DA:106,0
DA:107,0
DA:109,0
DA:110,0
DA:113,0
DA:120,0
DA:123,0
DA:124,0
DA:126,0
DA:127,0
DA:128,0
DA:129,0
DA:130,0
DA:131,0
DA:132,0
DA:142,0
DA:144,0
DA:148,0
DA:150,0
DA:151,0
DA:155,0
DA:156,0
DA:157,0
DA:159,0
DA:161,0
DA:162,0
DA:163,0
DA:168,0
DA:169,0
DA:171,0
DA:172,0
DA:174,0
DA:175,0
DA:177,0
DA:178,0
DA:179,0
DA:180,0
DA:188,0
DA:189,0
DA:192,0
DA:193,0
DA:195,0
DA:197,0
DA:198,0
DA:199,0
DA:203,0
DA:204,0
DA:205,0
DA:207,0
DA:208,0
DA:210,0
DA:215,0
DA:230,0
DA:232,0
DA:236,0
DA:239,0
DA:246,0
DA:249,0
DA:250,0
DA:252,0
DA:253,0
DA:254,0
DA:255,0
DA:256,0
DA:257,0
DA:258,0
DA:268,0
DA:269,0
DA:270,0
DA:272,0
DA:273,0
DA:277,0
DA:278,0
DA:283,0
DA:284,0
DA:286,0
DA:287,0
DA:290,0
DA:291,0
DA:293,0
DA:295,0
DA:296,0
DA:297,0
DA:302,0
DA:303,0
DA:304,0
DA:305,0
DA:306,0
DA:307,0
DA:308,0
DA:313,0
DA:315,0
DA:321,0
DA:327,0
DA:328,0
DA:330,0
DA:331,0
DA:334,0
DA:336,0
DA:337,0
DA:338,0
DA:351,0
DA:352,0
DA:354,0
DA:355,0
DA:356,0
DA:358,0
DA:361,0
DA:362,0
DA:363,0
DA:364,0
DA:367,0
DA:370,0
DA:372,0
DA:373,0
DA:376,0
DA:377,0
DA:378,0
DA:379,0
DA:380,0
DA:381,0
DA:383,0
DA:388,0
DA:389,0
DA:393,0
DA:395,0
DA:397,0
DA:399,0
DA:400,0
DA:408,0
DA:409,0
DA:410,0
DA:411,0
DA:412,0
DA:414,0
DA:419,0
DA:420,0
DA:424,0
DA:439,0
DA:441,0
DA:442,0
DA:456,3
DA:458,0
DA:459,0
DA:467,0
DA:469,0
DA:470,0
DA:473,0
DA:474,0
DA:475,0
DA:476,0
DA:477,0
DA:483,0
DA:485,0
DA:486,0
DA:489,0
DA:490,0
DA:491,0
DA:493,0
DA:494,0
DA:500,0
DA:502,0
DA:503,0
DA:506,0
DA:511,0
DA:512,0
DA:513,0
DA:514,0
DA:515,0
DA:541,0
DA:542,0
DA:543,0
DA:544,0
DA:545,0
DA:546,0
DA:548,0
DA:549,0
DA:551,0
DA:556,0
DA:557,0
DA:559,0
DA:560,0
DA:561,0
DA:562,0
DA:563,0
DA:564,0
DA:565,0
DA:575,0
DA:576,0
DA:577,0
DA:579,0
DA:580,0
DA:584,0
DA:585,0
DA:590,0
DA:591,0
DA:593,0
DA:594,0
DA:597,0
DA:599,0
DA:600,0
DA:602,0
DA:603,0
DA:616,0
DA:617,0
DA:625,0
DA:626,0
DA:627,0
DA:629,0
DA:631,0
DA:633,0
LF:246
LH:1
end_of_record
SF:lib/homework.dart
DA:13,9
DA:16,2
DA:34,2
DA:36,2
DA:37,2
DA:38,4
DA:39,2
DA:40,2
DA:41,2
DA:42,2
DA:43,2
DA:47,0
DA:51,0
DA:52,0
DA:53,0
DA:54,0
DA:55,0
DA:56,0
DA:57,0
DA:58,0
DA:64,2
DA:69,1
DA:71,1
DA:75,2
DA:76,0
DA:77,5
DA:79,7
DA:80,1
DA:81,0
DA:82,0
DA:84,1
DA:86,1
DA:91,1
DA:93,1
DA:94,1
DA:96,1
DA:97,10
DA:106,1
DA:108,1
DA:109,2
DA:118,1
DA:119,1
DA:121,5
DA:123,6
DA:125,0
DA:126,6
DA:128,6
DA:129,1
DA:130,1
DA:133,5
DA:136,5
DA:139,1
DA:141,1
DA:143,5
DA:144,2
DA:149,1
DA:151,1
DA:152,1
DA:155,2
DA:160,0
DA:161,0
DA:163,0
DA:164,0
DA:166,0
DA:167,0
DA:170,0
DA:171,0
DA:174,0
DA:175,0
DA:177,0
DA:191,3
DA:193,3
DA:194,3
DA:200,3
DA:202,3
DA:203,2
DA:205,2
DA:206,2
DA:207,4
DA:208,6
DA:210,2
DA:211,4
DA:214,2
DA:215,2
DA:218,0
DA:219,0
DA:220,0
DA:221,0
DA:227,3
DA:229,3
DA:230,3
DA:233,3
DA:235,6
DA:236,4
DA:239,3
DA:240,15
DA:241,12
DA:242,3
DA:244,3
DA:260,2
DA:261,10
DA:262,8
DA:263,2
DA:265,2
DA:266,2
DA:272,2
DA:273,2
DA:274,2
DA:276,8
DA:277,2
DA:282,2
DA:284,2
DA:286,2
DA:287,14
DA:289,4
DA:303,0
DA:306,0
DA:307,0
DA:308,0
DA:309,0
DA:312,0
DA:313,0
DA:314,0
DA:315,0
DA:319,0
DA:320,0
DA:324,3
DA:326,1
DA:327,1
DA:339,1
DA:341,1
DA:342,1
DA:344,1
DA:345,1
DA:346,2
DA:347,3
DA:349,1
DA:350,2
DA:353,1
DA:354,1
DA:357,0
DA:358,0
DA:359,0
DA:360,0
DA:362,0
DA:363,0
DA:364,0
DA:371,0
DA:372,0
DA:375,0
DA:377,0
DA:378,0
DA:380,0
DA:381,0
DA:382,0
DA:383,0
DA:385,0
DA:386,0
DA:388,0
DA:390,0
DA:391,0
DA:392,0
DA:395,0
DA:396,0
DA:399,0
DA:400,0
DA:402,0
DA:403,0
DA:404,0
DA:405,0
DA:411,1
DA:413,1
DA:414,1
DA:417,1
DA:419,1
DA:420,1
DA:421,2
DA:422,1
DA:423,1
DA:424,1
DA:426,1
DA:427,1
DA:429,1
DA:430,1
DA:431,2
DA:439,0
DA:440,0
DA:441,0
DA:442,0
DA:443,0
DA:445,0
DA:446,0
DA:447,0
DA:448,0
DA:449,0
DA:450,0
DA:451,0
DA:461,0
DA:462,0
DA:463,0
DA:465,0
DA:466,0
DA:470,0
DA:471,0
DA:476,0
DA:477,0
DA:479,0
DA:480,0
DA:483,0
DA:484,0
DA:488,0
DA:490,0
DA:491,0
DA:492,0
DA:498,0
DA:499,0
DA:500,0
DA:501,0
DA:502,0
DA:503,0
DA:504,0
DA:509,0
DA:512,0
DA:518,0
DA:524,0
DA:525,0
DA:527,0
DA:528,0
DA:531,0
DA:533,0
DA:534,0
DA:536,0
DA:537,0
DA:558,1
DA:560,1
DA:561,1
DA:563,1
DA:564,1
DA:565,1
DA:566,0
DA:567,0
DA:568,0
DA:570,0
DA:583,1
DA:584,1
DA:585,1
DA:587,2
DA:588,4
DA:589,0
DA:590,1
DA:597,1
DA:598,2
DA:599,0
DA:600,3
LF:254
LH:131
end_of_record
SF:lib/dashboard.dart
DA:9,3
DA:11,3
DA:12,3
DA:17,3
DA:19,3
DA:20,3
DA:21,6
DA:23,3
DA:25,3
DA:26,3
DA:28,3
LF:11
LH:11
end_of_record
SF:lib/timetable.dart
DA:17,6
DA:26,24
DA:28,0
DA:31,0
DA:44,0
DA:60,0
DA:61,0
DA:67,0
DA:68,0
DA:69,0
DA:70,0
DA:74,0
DA:76,0
DA:77,0
DA:79,0
DA:81,0
DA:82,0
DA:83,0
DA:84,0
DA:85,0
DA:86,0
DA:87,0
DA:89,0
DA:90,0
DA:93,0
DA:94,0
DA:95,0
DA:98,0
DA:99,0
DA:100,0
DA:105,0
DA:106,0
DA:107,0
DA:108,0
DA:113,0
DA:115,0
DA:116,0
DA:117,0
DA:118,0
DA:119,0
DA:120,0
DA:121,0
DA:126,0
DA:127,0
DA:131,0
DA:133,0
DA:134,0
DA:135,0
DA:137,0
DA:138,0
DA:140,0
DA:143,0
DA:144,0
DA:145,0
DA:148,0
DA:149,0
DA:150,0
DA:151,0
DA:154,0
DA:155,0
DA:156,0
DA:169,0
DA:171,0
DA:173,0
DA:174,0
DA:176,0
DA:177,0
DA:178,0
DA:180,0
DA:182,0
DA:183,0
DA:184,0
DA:185,0
DA:187,0
DA:188,0
DA:189,0
DA:190,0
DA:191,0
DA:197,0
DA:199,0
DA:200,0
DA:218,3
DA:220,3
DA:221,3
DA:225,3
DA:227,12
DA:228,6
DA:229,6
DA:230,9
DA:242,3
DA:243,3
DA:246,3
DA:247,3
DA:248,3
DA:249,6
DA:253,3
DA:256,3
DA:258,9
DA:259,3
DA:261,1
DA:262,5
DA:263,4
DA:264,1
DA:266,1
DA:281,3
DA:282,3
DA:283,15
DA:284,12
DA:285,3
DA:287,3
DA:289,3
DA:300,3
DA:301,3
DA:302,3
DA:303,15
DA:304,3
DA:306,3
DA:308,3
DA:309,9
DA:310,15
DA:324,3
DA:325,6
DA:326,6
DA:327,12
DA:328,6
DA:329,9
DA:330,3
DA:332,9
DA:340,12
DA:341,3
DA:342,3
DA:343,3
DA:344,3
DA:345,3
DA:350,3
DA:351,6
DA:354,0
DA:355,0
DA:356,0
DA:357,0
DA:358,0
DA:359,0
DA:360,0
DA:361,0
DA:362,0
DA:363,0
DA:364,0
DA:365,0
DA:366,0
DA:370,0
DA:371,0
DA:375,0
DA:381,0
DA:388,0
DA:389,0
DA:390,0
DA:391,0
DA:393,0
DA:394,0
DA:395,0
DA:397,0
DA:398,0
DA:399,0
DA:401,0
DA:402,0
DA:408,0
DA:410,0
DA:411,0
DA:416,0
DA:420,0
DA:421,0
DA:422,0
DA:424,0
DA:427,0
DA:429,0
DA:433,0
DA:435,0
DA:436,0
DA:438,0
DA:439,0
DA:441,0
DA:442,0
DA:443,0
DA:444,0
DA:445,0
DA:446,0
DA:447,0
DA:457,0
DA:459,0
DA:460,0
DA:462,0
DA:466,0
DA:469,0
DA:471,0
DA:472,0
DA:473,0
DA:478,0
DA:480,0
DA:481,0
DA:482,0
DA:497,0
DA:499,0
DA:501,0
DA:502,0
DA:506,0
DA:507,0
DA:508,0
DA:510,0
DA:514,0
DA:518,0
DA:519,0
DA:520,0
DA:522,0
DA:526,0
DA:530,0
DA:531,0
DA:532,0
DA:534,0
DA:546,3
DA:548,0
DA:549,0
DA:563,0
DA:564,0
DA:565,0
DA:567,0
DA:568,0
DA:569,0
DA:570,0
DA:571,0
DA:574,0
DA:582,0
DA:583,0
DA:584,0
DA:585,0
DA:586,0
DA:587,0
DA:592,0
DA:593,0
DA:595,0
DA:596,0
DA:599,0
DA:600,0
DA:601,0
DA:602,0
DA:608,0
DA:609,0
DA:612,0
DA:614,0
DA:615,0
DA:616,0
DA:617,0
DA:618,0
DA:621,0
DA:622,0
DA:623,0
DA:624,0
DA:626,0
DA:627,0
DA:628,0
DA:629,0
DA:630,0
DA:634,0
DA:637,0
DA:638,0
DA:639,0
DA:642,0
DA:643,0
DA:644,0
DA:645,0
DA:646,0
DA:647,0
DA:648,0
DA:649,0
DA:650,0
DA:651,0
DA:652,0
DA:656,0
DA:657,0
DA:659,0
DA:660,0
DA:663,0
DA:664,0
DA:665,0
DA:666,0
DA:667,0
DA:673,0
DA:675,0
DA:676,0
DA:677,0
DA:678,0
DA:681,0
DA:683,0
DA:684,0
DA:687,0
DA:688,0
DA:689,0
DA:701,0
DA:702,0
DA:705,0
DA:708,0
DA:710,0
DA:711,0
DA:713,0
DA:714,0
DA:715,0
DA:717,0
DA:718,0
DA:719,0
DA:720,0
DA:722,0
DA:723,0
DA:725,0
DA:726,0
DA:728,0
DA:729,0
DA:730,0
DA:733,0
DA:734,0
DA:737,0
DA:738,0
DA:739,0
DA:741,0
DA:742,0
DA:743,0
DA:746,0
DA:748,0
DA:749,0
DA:750,0
DA:751,0
DA:752,0
DA:753,0
DA:754,0
DA:764,0
DA:765,0
DA:766,0
DA:768,0
DA:769,0
DA:773,0
DA:774,0
DA:779,0
DA:780,0
DA:782,0
DA:783,0
DA:786,0
DA:790,0
DA:791,0
DA:796,0
DA:797,0
DA:799,0
DA:800,0
DA:803,0
DA:807,0
DA:808,0
DA:813,0
DA:814,0
DA:816,0
DA:817,0
DA:820,0
DA:823,0
DA:824,0
DA:826,0
DA:827,0
DA:829,0
DA:830,0
DA:843,0
DA:844,0
DA:851,0
DA:852,0
DA:854,0
DA:856,0
DA:857,0
DA:858,0
DA:860,0
DA:861,0
DA:862,0
DA:870,0
DA:872,0
DA:873,0
DA:875,0
DA:876,0
DA:877,0
DA:883,0
DA:884,0
DA:887,0
DA:890,0
DA:892,0
DA:893,0
DA:894,0
DA:900,0
DA:901,0
DA:904,0
DA:907,0
DA:909,0
DA:910,0
DA:911,0
DA:917,0
DA:918,0
DA:921,0
DA:924,0
DA:926,0
DA:927,0
DA:928,0
DA:934,0
DA:935,0
DA:938,0
DA:941,0
DA:943,0
DA:944,0
DA:945,0
DA:951,0
DA:952,0
DA:955,0
DA:960,0
DA:964,0
DA:965,0
DA:966,0
DA:967,0
DA:968,0
DA:969,0
DA:971,0
DA:973,0
DA:974,0
DA:975,0
DA:977,0
DA:978,0
DA:979,0
DA:982,0
DA:983,0
DA:984,0
DA:988,0
DA:992,0
DA:997,0
DA:998,0
DA:999,0
DA:1001,0
DA:1002,0
DA:1003,0
DA:1006,0
DA:1007,0
DA:1008,0
DA:1012,0
DA:1016,0
DA:1021,0
DA:1022,0
DA:1023,0
DA:1025,0
DA:1026,0
DA:1027,0
DA:1030,0
DA:1031,0
DA:1032,0
DA:1036,0
LF:452
LH:58
end_of_record
SF:lib/exams.dart
DA:11,0
DA:14,0
DA:21,0
DA:23,0
DA:30,0
DA:41,0
DA:42,0
DA:43,0
DA:46,0
DA:47,0
DA:48,0
DA:50,0
DA:51,0
DA:52,0
DA:53,0
DA:54,0
DA:60,0
DA:62,0
DA:64,0
DA:66,0
DA:67,0
DA:69,0
DA:70,0
DA:72,0
DA:74,0
DA:75,0
DA:76,0
DA:79,0
DA:80,0
DA:87,0
DA:89,0
DA:90,0
DA:95,0
DA:97,0
DA:101,0
DA:102,0
DA:103,0
DA:104,0
DA:106,0
DA:108,0
DA:109,0
DA:110,0
DA:111,0
DA:112,0
DA:113,0
DA:114,0
DA:124,0
DA:127,0
DA:128,0
DA:130,0
DA:131,0
DA:135,0
DA:136,0
DA:141,0
DA:142,0
DA:143,0
DA:145,0
DA:146,0
DA:149,0
DA:154,0
DA:155,0
DA:156,0
DA:157,0
DA:160,0
DA:161,0
DA:164,0
DA:169,0
DA:170,0
DA:173,0
DA:177,0
DA:178,0
DA:179,0
DA:181,0
DA:182,0
DA:187,0
DA:188,0
DA:192,0
DA:194,0
DA:195,0
DA:197,0
DA:198,0
DA:199,0
DA:220,0
DA:221,0
DA:222,0
DA:223,0
DA:226,0
DA:227,0
DA:229,0
DA:251,0
DA:254,0
DA:255,0
DA:256,0
DA:257,0
DA:260,0
DA:261,0
DA:262,0
DA:263,0
DA:264,0
DA:265,0
DA:266,0
DA:267,0
DA:268,0
DA:273,0
DA:274,0
DA:278,3
DA:280,0
DA:281,0
DA:291,0
DA:293,0
DA:294,0
DA:296,0
DA:297,0
DA:298,0
DA:299,0
DA:300,0
DA:301,0
DA:302,0
DA:303,0
DA:304,0
DA:308,0
DA:309,0
DA:312,0
DA:313,0
DA:316,0
DA:317,0
DA:318,0
DA:320,0
DA:321,0
DA:322,0
DA:328,0
DA:329,0
DA:332,0
DA:334,0
DA:335,0
DA:337,0
DA:338,0
DA:339,0
DA:340,0
DA:341,0
DA:342,0
DA:343,0
DA:344,0
DA:345,0
DA:351,0
DA:352,0
DA:353,0
DA:354,0
DA:355,0
DA:356,0
DA:359,0
DA:360,0
DA:363,0
DA:364,0
DA:366,0
DA:367,0
DA:368,0
DA:369,0
DA:375,0
DA:377,0
DA:378,0
DA:381,0
DA:384,0
DA:385,0
DA:386,0
DA:387,0
DA:388,0
DA:389,0
DA:391,0
DA:392,0
DA:394,0
DA:395,0
DA:396,0
DA:400,0
DA:401,0
DA:403,0
DA:404,0
DA:405,0
DA:406,0
DA:407,0
DA:408,0
DA:409,0
DA:419,0
DA:420,0
DA:421,0
DA:423,0
DA:424,0
DA:428,0
DA:429,0
DA:434,0
DA:435,0
DA:437,0
DA:438,0
DA:441,0
DA:446,0
DA:448,0
DA:449,0
DA:454,0
DA:456,0
DA:458,0
DA:461,0
DA:462,0
DA:465,0
DA:469,0
DA:470,0
DA:475,0
DA:476,0
DA:478,0
DA:479,0
DA:482,0
DA:484,0
DA:485,0
DA:487,0
DA:488,0
DA:511,0
DA:512,0
DA:513,0
DA:514,0
DA:516,0
DA:523,0
LF:220
LH:1
end_of_record
SF:lib/settings.dart
DA:11,6
DA:13,0
DA:14,0
DA:17,0
DA:22,0
DA:25,0
DA:26,0
DA:27,0
DA:28,0
DA:29,0
DA:33,0
DA:36,0
DA:37,0
DA:38,0
DA:39,0
DA:41,0
DA:45,0
DA:46,0
DA:50,0
DA:54,0
DA:56,0
DA:57,0
DA:59,0
DA:65,0
DA:66,0
DA:67,0
DA:68,0
DA:69,0
DA:71,0
DA:72,0
DA:74,0
DA:78,0
DA:79,0
DA:80,0
DA:89,0
DA:91,0
DA:94,0
DA:95,0
DA:97,0
DA:98,0
DA:100,0
DA:103,0
DA:104,0
DA:105,0
DA:106,0
DA:107,0
DA:108,0
DA:109,0
DA:114,0
DA:122,0
DA:124,0
DA:131,0
DA:135,0
DA:139,0
DA:141,0
DA:145,0
DA:149,0
DA:153,0
DA:157,0
DA:158,0
DA:164,0
DA:165,0
DA:180,0
DA:182,0
DA:185,0
DA:186,0
DA:188,0
DA:189,0
DA:191,0
DA:192,0
DA:193,0
DA:194,0
DA:195,0
DA:196,0
DA:197,0
DA:198,0
DA:203,0
DA:211,0
DA:213,0
DA:220,0
DA:224,0
DA:228,0
DA:229,0
DA:233,0
DA:237,0
DA:241,0
DA:242,0
DA:243,0
DA:249,0
DA:250,0
LF:90
LH:1
end_of_record
